running egg_info
creating build/signal_sent/signal_sent.egg-info
writing build/signal_sent/signal_sent.egg-info/PKG-INFO
writing dependency_links to build/signal_sent/signal_sent.egg-info/dependency_links.txt
writing entry points to build/signal_sent/signal_sent.egg-info/entry_points.txt
writing requirements to build/signal_sent/signal_sent.egg-info/requires.txt
writing top-level names to build/signal_sent/signal_sent.egg-info/top_level.txt
writing manifest file 'build/signal_sent/signal_sent.egg-info/SOURCES.txt'
reading manifest file 'build/signal_sent/signal_sent.egg-info/SOURCES.txt'
writing manifest file 'build/signal_sent/signal_sent.egg-info/SOURCES.txt'
running build
running build_py
creating /home/stephs/ros2_utilities_ws/src/signal_sent/build/signal_sent/build
creating /home/stephs/ros2_utilities_ws/src/signal_sent/build/signal_sent/build/lib
creating /home/stephs/ros2_utilities_ws/src/signal_sent/build/signal_sent/build/lib/signal_sent
copying signal_sent/setpoint.py -> /home/stephs/ros2_utilities_ws/src/signal_sent/build/signal_sent/build/lib/signal_sent
copying signal_sent/__init__.py -> /home/stephs/ros2_utilities_ws/src/signal_sent/build/signal_sent/build/lib/signal_sent
running install
running install_lib
creating /home/stephs/ros2_utilities_ws/src/signal_sent/install/signal_sent/lib/python3.10/site-packages/signal_sent
copying /home/stephs/ros2_utilities_ws/src/signal_sent/build/signal_sent/build/lib/signal_sent/setpoint.py -> /home/stephs/ros2_utilities_ws/src/signal_sent/install/signal_sent/lib/python3.10/site-packages/signal_sent
copying /home/stephs/ros2_utilities_ws/src/signal_sent/build/signal_sent/build/lib/signal_sent/__init__.py -> /home/stephs/ros2_utilities_ws/src/signal_sent/install/signal_sent/lib/python3.10/site-packages/signal_sent
byte-compiling /home/stephs/ros2_utilities_ws/src/signal_sent/install/signal_sent/lib/python3.10/site-packages/signal_sent/setpoint.py to setpoint.cpython-310.pyc
byte-compiling /home/stephs/ros2_utilities_ws/src/signal_sent/install/signal_sent/lib/python3.10/site-packages/signal_sent/__init__.py to __init__.cpython-310.pyc
running install_data
creating /home/stephs/ros2_utilities_ws/src/signal_sent/install/signal_sent/share/ament_index
creating /home/stephs/ros2_utilities_ws/src/signal_sent/install/signal_sent/share/ament_index/resource_index
creating /home/stephs/ros2_utilities_ws/src/signal_sent/install/signal_sent/share/ament_index/resource_index/packages
copying resource/signal_sent -> /home/stephs/ros2_utilities_ws/src/signal_sent/install/signal_sent/share/ament_index/resource_index/packages
copying package.xml -> /home/stephs/ros2_utilities_ws/src/signal_sent/install/signal_sent/share/signal_sent
creating /home/stephs/ros2_utilities_ws/src/signal_sent/install/signal_sent/share/signal_sent/launch
copying launch/signal_launch.py -> /home/stephs/ros2_utilities_ws/src/signal_sent/install/signal_sent/share/signal_sent/launch
creating /home/stephs/ros2_utilities_ws/src/signal_sent/install/signal_sent/share/signal_sent/config
copying config/params.yaml -> /home/stephs/ros2_utilities_ws/src/signal_sent/install/signal_sent/share/signal_sent/config
running install_egg_info
Copying build/signal_sent/signal_sent.egg-info to /home/stephs/ros2_utilities_ws/src/signal_sent/install/signal_sent/lib/python3.10/site-packages/signal_sent-0.0.0-py3.10.egg-info
running install_scripts
Installing setpoint script to /home/stephs/ros2_utilities_ws/src/signal_sent/install/signal_sent/lib/signal_sent
writing list of installed files to '/home/stephs/ros2_utilities_ws/src/signal_sent/build/signal_sent/install.log'
