[0.454s] Invoking command in '/home/stephs/ros2_utilities_ws/src/signal_sent': PYTHONPATH=/home/stephs/ros2_utilities_ws/src/signal_sent/build/signal_sent/prefix_override:/home/stephs/ros2_utilities_ws/src/signal_sent/install/signal_sent/lib/python3.10/site-packages:${PYTHONPATH} /usr/bin/python3 setup.py egg_info --egg-base build/signal_sent build --build-base /home/stephs/ros2_utilities_ws/src/signal_sent/build/signal_sent/build install --record /home/stephs/ros2_utilities_ws/src/signal_sent/build/signal_sent/install.log --single-version-externally-managed
[0.593s] running egg_info
[0.593s] writing build/signal_sent/signal_sent.egg-info/PKG-INFO
[0.594s] writing dependency_links to build/signal_sent/signal_sent.egg-info/dependency_links.txt
[0.594s] writing entry points to build/signal_sent/signal_sent.egg-info/entry_points.txt
[0.594s] writing requirements to build/signal_sent/signal_sent.egg-info/requires.txt
[0.594s] writing top-level names to build/signal_sent/signal_sent.egg-info/top_level.txt
[0.595s] reading manifest file 'build/signal_sent/signal_sent.egg-info/SOURCES.txt'
[0.595s] writing manifest file 'build/signal_sent/signal_sent.egg-info/SOURCES.txt'
[0.596s] running build
[0.596s] running build_py
[0.596s] running install
[0.596s] /usr/lib/python3/dist-packages/setuptools/command/install.py:34: SetuptoolsDeprecationWarning: setup.py install is deprecated. Use build and pip and other standards-based tools.
[0.596s]   warnings.warn(
[0.596s] running install_lib
[0.596s] running install_data
[0.597s] running install_egg_info
[0.598s] removing '/home/stephs/ros2_utilities_ws/src/signal_sent/install/signal_sent/lib/python3.10/site-packages/signal_sent-0.0.0-py3.10.egg-info' (and everything under it)
[0.598s] Copying build/signal_sent/signal_sent.egg-info to /home/stephs/ros2_utilities_ws/src/signal_sent/install/signal_sent/lib/python3.10/site-packages/signal_sent-0.0.0-py3.10.egg-info
[0.598s] running install_scripts
[0.612s] Installing setpoint script to /home/stephs/ros2_utilities_ws/src/signal_sent/install/signal_sent/lib/signal_sent
[0.612s] writing list of installed files to '/home/stephs/ros2_utilities_ws/src/signal_sent/build/signal_sent/install.log'
[0.627s] Invoked command in '/home/stephs/ros2_utilities_ws/src/signal_sent' returned '0': PYTHONPATH=/home/stephs/ros2_utilities_ws/src/signal_sent/build/signal_sent/prefix_override:/home/stephs/ros2_utilities_ws/src/signal_sent/install/signal_sent/lib/python3.10/site-packages:${PYTHONPATH} /usr/bin/python3 setup.py egg_info --egg-base build/signal_sent build --build-base /home/stephs/ros2_utilities_ws/src/signal_sent/build/signal_sent/build install --record /home/stephs/ros2_utilities_ws/src/signal_sent/build/signal_sent/install.log --single-version-externally-managed
